Error: Ups!!!
    at Timeout.setInterval [as _onTimeout] (/Users/aruiz/Documents/Platzi/curso-backend-nodejs/debugging/console-class.js:9:21)
    at ontimeout (timers.js:436:11)
    at tryOnTimeout (timers.js:300:5)
    at listOnTimeout (timers.js:263:5)
    at Timer.processTimers (timers.js:223:10)
Error: Ups!!!
    at Timeout.setInterval [as _onTimeout] (/Users/aruiz/Documents/Platzi/curso-backend-nodejs/debugging/console-class.js:9:21)
    at ontimeout (timers.js:436:11)
    at tryOnTimeout (timers.js:300:5)
    at listOnTimeout (timers.js:263:5)
    at Timer.processTimers (timers.js:223:10)
Error: Ups!!!
    at Timeout.setInterval [as _onTimeout] (/Users/aruiz/Documents/Platzi/curso-backend-nodejs/debugging/console-class.js:9:21)
    at ontimeout (timers.js:436:11)
    at tryOnTimeout (timers.js:300:5)
    at listOnTimeout (timers.js:263:5)
    at Timer.processTimers (timers.js:223:10)
Error: Ups!!!
    at Timeout.setInterval [as _onTimeout] (/Users/aruiz/Documents/Platzi/curso-backend-nodejs/debugging/console-class.js:9:21)
    at ontimeout (timers.js:436:11)
    at tryOnTimeout (timers.js:300:5)
    at listOnTimeout (timers.js:263:5)
    at Timer.processTimers (timers.js:223:10)
Error: Ups!!!
    at Timeout.setInterval [as _onTimeout] (/Users/aruiz/Documents/Platzi/curso-backend-nodejs/debugging/console-class.js:9:21)
    at ontimeout (timers.js:436:11)
    at tryOnTimeout (timers.js:300:5)
    at listOnTimeout (timers.js:263:5)
    at Timer.processTimers (timers.js:223:10)
Error: Ups!!!
    at Timeout.setInterval [as _onTimeout] (/Users/aruiz/Documents/Platzi/curso-backend-nodejs/debugging/console-class.js:9:21)
    at ontimeout (timers.js:436:11)
    at tryOnTimeout (timers.js:300:5)
    at listOnTimeout (timers.js:263:5)
    at Timer.processTimers (timers.js:223:10)
Error: Ups!!!
    at Timeout.setInterval [as _onTimeout] (/Users/aruiz/Documents/Platzi/curso-backend-nodejs/debugging/console-class.js:9:21)
    at ontimeout (timers.js:436:11)
    at tryOnTimeout (timers.js:300:5)
    at listOnTimeout (timers.js:263:5)
    at Timer.processTimers (timers.js:223:10)
Error: Ups!!!
    at Timeout.setInterval [as _onTimeout] (/Users/aruiz/Documents/Platzi/curso-backend-nodejs/debugging/console-class.js:9:21)
    at ontimeout (timers.js:436:11)
    at tryOnTimeout (timers.js:300:5)
    at listOnTimeout (timers.js:263:5)
    at Timer.processTimers (timers.js:223:10)
Error: Ups!!!
    at Timeout.setInterval [as _onTimeout] (/Users/aruiz/Documents/Platzi/curso-backend-nodejs/debugging/console-class.js:9:21)
    at ontimeout (timers.js:436:11)
    at tryOnTimeout (timers.js:300:5)
    at listOnTimeout (timers.js:263:5)
    at Timer.processTimers (timers.js:223:10)
Error: Ups!!!
    at Timeout.setInterval [as _onTimeout] (/Users/aruiz/Documents/Platzi/curso-backend-nodejs/debugging/console-class.js:9:21)
    at ontimeout (timers.js:436:11)
    at tryOnTimeout (timers.js:300:5)
    at listOnTimeout (timers.js:263:5)
    at Timer.processTimers (timers.js:223:10)
Error: Ups!!!
    at Timeout.setInterval [as _onTimeout] (/Users/aruiz/Documents/Platzi/curso-backend-nodejs/debugging/console-class.js:9:21)
    at ontimeout (timers.js:436:11)
    at tryOnTimeout (timers.js:300:5)
    at listOnTimeout (timers.js:263:5)
    at Timer.processTimers (timers.js:223:10)
Error: Ups!!!
    at Timeout.setInterval [as _onTimeout] (/Users/aruiz/Documents/Platzi/curso-backend-nodejs/debugging/console-class.js:9:21)
    at ontimeout (timers.js:436:11)
    at tryOnTimeout (timers.js:300:5)
    at listOnTimeout (timers.js:263:5)
    at Timer.processTimers (timers.js:223:10)
Error: Ups!!!
    at Timeout.setInterval [as _onTimeout] (/Users/aruiz/Documents/Platzi/curso-backend-nodejs/debugging/console-class.js:9:21)
    at ontimeout (timers.js:436:11)
    at tryOnTimeout (timers.js:300:5)
    at listOnTimeout (timers.js:263:5)
    at Timer.processTimers (timers.js:223:10)
Error: Ups!!!
    at Timeout.setInterval [as _onTimeout] (/Users/aruiz/Documents/Platzi/curso-backend-nodejs/debugging/console-class.js:9:21)
    at ontimeout (timers.js:436:11)
    at tryOnTimeout (timers.js:300:5)
    at listOnTimeout (timers.js:263:5)
    at Timer.processTimers (timers.js:223:10)
Error: Ups!!!
    at Timeout.setInterval [as _onTimeout] (/Users/aruiz/Documents/Platzi/curso-backend-nodejs/debugging/console-class.js:9:21)
    at ontimeout (timers.js:436:11)
    at tryOnTimeout (timers.js:300:5)
    at listOnTimeout (timers.js:263:5)
    at Timer.processTimers (timers.js:223:10)
Error: Ups!!!
    at Timeout.setInterval [as _onTimeout] (/Users/aruiz/Documents/Platzi/curso-backend-nodejs/debugging/console-class.js:9:21)
    at ontimeout (timers.js:436:11)
    at tryOnTimeout (timers.js:300:5)
    at listOnTimeout (timers.js:263:5)
    at Timer.processTimers (timers.js:223:10)
Error: Ups!!!
    at Timeout.setInterval [as _onTimeout] (/Users/aruiz/Documents/Platzi/curso-backend-nodejs/debugging/console-class.js:9:21)
    at ontimeout (timers.js:436:11)
    at tryOnTimeout (timers.js:300:5)
    at listOnTimeout (timers.js:263:5)
    at Timer.processTimers (timers.js:223:10)
Error: Ups!!!
    at Timeout.setInterval [as _onTimeout] (/Users/aruiz/Documents/Platzi/curso-backend-nodejs/debugging/console-class.js:9:21)
    at ontimeout (timers.js:436:11)
    at tryOnTimeout (timers.js:300:5)
    at listOnTimeout (timers.js:263:5)
    at Timer.processTimers (timers.js:223:10)
Error: Ups!!!
    at Timeout.setInterval [as _onTimeout] (/Users/aruiz/Documents/Platzi/curso-backend-nodejs/debugging/console-class.js:9:21)
    at ontimeout (timers.js:436:11)
    at tryOnTimeout (timers.js:300:5)
    at listOnTimeout (timers.js:263:5)
    at Timer.processTimers (timers.js:223:10)
Error: Ups!!!
    at Timeout.setInterval [as _onTimeout] (/Users/aruiz/Documents/Platzi/curso-backend-nodejs/debugging/console-class.js:9:21)
    at ontimeout (timers.js:436:11)
    at tryOnTimeout (timers.js:300:5)
    at listOnTimeout (timers.js:263:5)
    at Timer.processTimers (timers.js:223:10)
Error: Ups!!!
    at Timeout.setInterval [as _onTimeout] (/Users/aruiz/Documents/Platzi/curso-backend-nodejs/debugging/console-class.js:9:21)
    at ontimeout (timers.js:436:11)
    at tryOnTimeout (timers.js:300:5)
    at listOnTimeout (timers.js:263:5)
    at Timer.processTimers (timers.js:223:10)
Error: Ups!!!
    at Timeout.setInterval [as _onTimeout] (/Users/aruiz/Documents/Platzi/curso-backend-nodejs/debugging/console-class.js:9:21)
    at ontimeout (timers.js:436:11)
    at tryOnTimeout (timers.js:300:5)
    at listOnTimeout (timers.js:263:5)
    at Timer.processTimers (timers.js:223:10)
Error: Ups!!!
    at Timeout.setInterval [as _onTimeout] (/Users/aruiz/Documents/Platzi/curso-backend-nodejs/debugging/console-class.js:9:21)
    at ontimeout (timers.js:436:11)
    at tryOnTimeout (timers.js:300:5)
    at listOnTimeout (timers.js:263:5)
    at Timer.processTimers (timers.js:223:10)
Error: Ups!!!
    at Timeout.setInterval [as _onTimeout] (/Users/aruiz/Documents/Platzi/curso-backend-nodejs/debugging/console-class.js:9:21)
    at ontimeout (timers.js:436:11)
    at tryOnTimeout (timers.js:300:5)
    at listOnTimeout (timers.js:263:5)
    at Timer.processTimers (timers.js:223:10)
Error: Ups!!!
    at Timeout.setInterval [as _onTimeout] (/Users/aruiz/Documents/Platzi/curso-backend-nodejs/debugging/console-class.js:9:21)
    at ontimeout (timers.js:436:11)
    at tryOnTimeout (timers.js:300:5)
    at listOnTimeout (timers.js:263:5)
    at Timer.processTimers (timers.js:223:10)
Error: Ups!!!
    at Timeout.setInterval [as _onTimeout] (/Users/aruiz/Documents/Platzi/curso-backend-nodejs/debugging/console-class.js:9:21)
    at ontimeout (timers.js:436:11)
    at tryOnTimeout (timers.js:300:5)
    at listOnTimeout (timers.js:263:5)
    at Timer.processTimers (timers.js:223:10)
Error: Ups!!!
    at Timeout.setInterval [as _onTimeout] (/Users/aruiz/Documents/Platzi/curso-backend-nodejs/debugging/console-class.js:9:21)
    at ontimeout (timers.js:436:11)
    at tryOnTimeout (timers.js:300:5)
    at listOnTimeout (timers.js:263:5)
    at Timer.processTimers (timers.js:223:10)
Error: Ups!!!
    at Timeout.setInterval [as _onTimeout] (/Users/aruiz/Documents/Platzi/curso-backend-nodejs/debugging/console-class.js:9:21)
    at ontimeout (timers.js:436:11)
    at tryOnTimeout (timers.js:300:5)
    at listOnTimeout (timers.js:263:5)
    at Timer.processTimers (timers.js:223:10)
Error: Ups!!!
    at Timeout.setInterval [as _onTimeout] (/Users/aruiz/Documents/Platzi/curso-backend-nodejs/debugging/console-class.js:9:21)
    at ontimeout (timers.js:436:11)
    at tryOnTimeout (timers.js:300:5)
    at listOnTimeout (timers.js:263:5)
    at Timer.processTimers (timers.js:223:10)
Error: Ups!!!
    at Timeout.setInterval [as _onTimeout] (/Users/aruiz/Documents/Platzi/curso-backend-nodejs/debugging/console-class.js:9:21)
    at ontimeout (timers.js:436:11)
    at tryOnTimeout (timers.js:300:5)
    at listOnTimeout (timers.js:263:5)
    at Timer.processTimers (timers.js:223:10)
Error: Ups!!!
    at Timeout.setInterval [as _onTimeout] (/Users/aruiz/Documents/Platzi/curso-backend-nodejs/debugging/console-class.js:9:21)
    at ontimeout (timers.js:436:11)
    at tryOnTimeout (timers.js:300:5)
    at listOnTimeout (timers.js:263:5)
    at Timer.processTimers (timers.js:223:10)
Error: Ups!!!
    at Timeout.setInterval [as _onTimeout] (/Users/aruiz/Documents/Platzi/curso-backend-nodejs/debugging/console-class.js:9:21)
    at ontimeout (timers.js:436:11)
    at tryOnTimeout (timers.js:300:5)
    at listOnTimeout (timers.js:263:5)
    at Timer.processTimers (timers.js:223:10)
Error: Ups!!!
    at Timeout.setInterval [as _onTimeout] (/Users/aruiz/Documents/Platzi/curso-backend-nodejs/debugging/console-class.js:9:21)
    at ontimeout (timers.js:436:11)
    at tryOnTimeout (timers.js:300:5)
    at listOnTimeout (timers.js:263:5)
    at Timer.processTimers (timers.js:223:10)
Error: Ups!!!
    at Timeout.setInterval [as _onTimeout] (/Users/aruiz/Documents/Platzi/curso-backend-nodejs/debugging/console-class.js:9:21)
    at ontimeout (timers.js:436:11)
    at tryOnTimeout (timers.js:300:5)
    at listOnTimeout (timers.js:263:5)
    at Timer.processTimers (timers.js:223:10)
Error: Ups!!!
    at Timeout.setInterval [as _onTimeout] (/Users/aruiz/Documents/Platzi/curso-backend-nodejs/debugging/console-class.js:9:21)
    at ontimeout (timers.js:436:11)
    at tryOnTimeout (timers.js:300:5)
    at listOnTimeout (timers.js:263:5)
    at Timer.processTimers (timers.js:223:10)
Error: Ups!!!
    at Timeout.setInterval [as _onTimeout] (/Users/aruiz/Documents/Platzi/curso-backend-nodejs/debugging/console-class.js:9:21)
    at ontimeout (timers.js:436:11)
    at tryOnTimeout (timers.js:300:5)
    at listOnTimeout (timers.js:263:5)
    at Timer.processTimers (timers.js:223:10)
